This is pdfTeX, Version 3.14159265-2.6-1.40.19 (TeX Live 2018) (preloaded format=pdflatex 2018.4.16)  22 AUG 2018 23:10
entering extended mode
 restricted \write18 enabled.
 %&-line parsing enabled.
**Report.tex
(./Report.tex
LaTeX2e <2018-04-01> patch level 2
Babel <3.18> and hyphenation patterns for 84 language(s) loaded.
(./llncs.cls
Document Class: llncs 2004/08/17 v2.14 
 LaTeX document class for Lecture Notes in Computer Science
(/usr/local/texlive/2018/texmf-dist/tex/latex/base/article.cls
Document Class: article 2014/09/29 v1.4h Standard LaTeX document class
(/usr/local/texlive/2018/texmf-dist/tex/latex/base/size10.clo
File: size10.clo 2014/09/29 v1.4h Standard LaTeX file (size option)
)
\c@part=\count80
\c@section=\count81
\c@subsection=\count82
\c@subsubsection=\count83
\c@paragraph=\count84
\c@subparagraph=\count85
\c@figure=\count86
\c@table=\count87
\abovecaptionskip=\skip41
\belowcaptionskip=\skip42
\bibindent=\dimen102
)
(/usr/local/texlive/2018/texmf-dist/tex/latex/tools/multicol.sty
Package: multicol 2018/04/01 v1.8r multicolumn formatting (FMi)
\c@tracingmulticols=\count88
\mult@box=\box26
\multicol@leftmargin=\dimen103
\c@unbalance=\count89
\c@collectmore=\count90
\doublecol@number=\count91
\multicoltolerance=\count92
\multicolpretolerance=\count93
\full@width=\dimen104
\page@free=\dimen105
\premulticols=\dimen106
\postmulticols=\dimen107
\multicolsep=\skip43
\multicolbaselineskip=\skip44
\partial@page=\box27
\last@line=\box28
\maxbalancingoverflow=\dimen108
\mult@rightbox=\box29
\mult@grightbox=\box30
\mult@gfirstbox=\box31
\mult@firstbox=\box32
\@tempa=\box33
\@tempa=\box34
\@tempa=\box35
\@tempa=\box36
\@tempa=\box37
\@tempa=\box38
\@tempa=\box39
\@tempa=\box40
\@tempa=\box41
\@tempa=\box42
\@tempa=\box43
\@tempa=\box44
\@tempa=\box45
\@tempa=\box46
\@tempa=\box47
\@tempa=\box48
\@tempa=\box49
\c@columnbadness=\count94
\c@finalcolumnbadness=\count95
\last@try=\dimen109
\multicolovershoot=\dimen110
\multicolundershoot=\dimen111
\mult@nat@firstbox=\box50
\colbreak@box=\box51
\mc@col@check@num=\count96
)
\c@chapter=\count97
LaTeX Font Info:    Redeclaring math symbol \Gamma on input line 360.
LaTeX Font Info:    Redeclaring math symbol \Delta on input line 361.
LaTeX Font Info:    Redeclaring math symbol \Theta on input line 362.
LaTeX Font Info:    Redeclaring math symbol \Lambda on input line 363.
LaTeX Font Info:    Redeclaring math symbol \Xi on input line 364.
LaTeX Font Info:    Redeclaring math symbol \Pi on input line 365.
LaTeX Font Info:    Redeclaring math symbol \Sigma on input line 366.
LaTeX Font Info:    Redeclaring math symbol \Upsilon on input line 367.
LaTeX Font Info:    Redeclaring math symbol \Phi on input line 368.
LaTeX Font Info:    Redeclaring math symbol \Psi on input line 369.
LaTeX Font Info:    Redeclaring math symbol \Omega on input line 370.
\tocchpnum=\dimen112
\tocsecnum=\dimen113
\tocsectotal=\dimen114
\tocsubsecnum=\dimen115
\tocsubsectotal=\dimen116
\tocsubsubsecnum=\dimen117
\tocsubsubsectotal=\dimen118
\tocparanum=\dimen119
\tocparatotal=\dimen120
\tocsubparanum=\dimen121
\@tempcntc=\count98
\fnindent=\dimen122
\c@@inst=\count99
\c@@auth=\count100
\c@auco=\count101
\instindent=\dimen123
\authrun=\box52
\authorrunning=\toks14
\tocauthor=\toks15
\titrun=\box53
\titlerunning=\toks16
\toctitle=\toks17
\c@theorem=\count102
\c@case=\count103
\c@conjecture=\count104
\c@corollary=\count105
\c@definition=\count106
\c@example=\count107
\c@exercise=\count108
\c@lemma=\count109
\c@note=\count110
\c@problem=\count111
\c@property=\count112
\c@proposition=\count113
\c@question=\count114
\c@solution=\count115
\c@remark=\count116
\headlineindent=\dimen124
)
(/usr/local/texlive/2018/texmf-dist/tex/latex/graphics/graphicx.sty
Package: graphicx 2017/06/01 v1.1a Enhanced LaTeX Graphics (DPC,SPQR)

(/usr/local/texlive/2018/texmf-dist/tex/latex/graphics/keyval.sty
Package: keyval 2014/10/28 v1.15 key=value parser (DPC)
\KV@toks@=\toks18
)
(/usr/local/texlive/2018/texmf-dist/tex/latex/graphics/graphics.sty
Package: graphics 2017/06/25 v1.2c Standard LaTeX Graphics (DPC,SPQR)

(/usr/local/texlive/2018/texmf-dist/tex/latex/graphics/trig.sty
Package: trig 2016/01/03 v1.10 sin cos tan (DPC)
)
(/usr/local/texlive/2018/texmf-dist/tex/latex/graphics-cfg/graphics.cfg
File: graphics.cfg 2016/06/04 v1.11 sample graphics configuration
)
Package graphics Info: Driver file: pdftex.def on input line 99.

(/usr/local/texlive/2018/texmf-dist/tex/latex/graphics-def/pdftex.def
File: pdftex.def 2018/01/08 v1.0l Graphics/color driver for pdftex
))
\Gin@req@height=\dimen125
\Gin@req@width=\dimen126
)
(./Report.aux)
\openout1 = `Report.aux'.

LaTeX Font Info:    Checking defaults for OML/cmm/m/it on input line 11.
LaTeX Font Info:    ... okay on input line 11.
LaTeX Font Info:    Checking defaults for T1/cmr/m/n on input line 11.
LaTeX Font Info:    ... okay on input line 11.
LaTeX Font Info:    Checking defaults for OT1/cmr/m/n on input line 11.
LaTeX Font Info:    ... okay on input line 11.
LaTeX Font Info:    Checking defaults for OMS/cmsy/m/n on input line 11.
LaTeX Font Info:    ... okay on input line 11.
LaTeX Font Info:    Checking defaults for OMX/cmex/m/n on input line 11.
LaTeX Font Info:    ... okay on input line 11.
LaTeX Font Info:    Checking defaults for U/cmr/m/n on input line 11.
LaTeX Font Info:    ... okay on input line 11.

(/usr/local/texlive/2018/texmf-dist/tex/context/base/mkii/supp-pdf.mkii
[Loading MPS to PDF converter (version 2006.09.02).]
\scratchcounter=\count117
\scratchdimen=\dimen127
\scratchbox=\box54
\nofMPsegments=\count118
\nofMParguments=\count119
\everyMPshowfont=\toks19
\MPscratchCnt=\count120
\MPscratchDim=\dimen128
\MPnumerator=\count121
\makeMPintoPDFobject=\count122
\everyMPtoPDFconversion=\toks20
) (/usr/local/texlive/2018/texmf-dist/tex/latex/oberdiek/epstopdf-base.sty
Package: epstopdf-base 2016/05/15 v2.6 Base part for package epstopdf

(/usr/local/texlive/2018/texmf-dist/tex/generic/oberdiek/infwarerr.sty
Package: infwarerr 2016/05/16 v1.4 Providing info/warning/error messages (HO)
)
(/usr/local/texlive/2018/texmf-dist/tex/latex/oberdiek/grfext.sty
Package: grfext 2016/05/16 v1.2 Manage graphics extensions (HO)

(/usr/local/texlive/2018/texmf-dist/tex/generic/oberdiek/kvdefinekeys.sty
Package: kvdefinekeys 2016/05/16 v1.4 Define keys (HO)

(/usr/local/texlive/2018/texmf-dist/tex/generic/oberdiek/ltxcmds.sty
Package: ltxcmds 2016/05/16 v1.23 LaTeX kernel commands for general use (HO)
)))
(/usr/local/texlive/2018/texmf-dist/tex/latex/oberdiek/kvoptions.sty
Package: kvoptions 2016/05/16 v3.12 Key value format for package options (HO)

(/usr/local/texlive/2018/texmf-dist/tex/generic/oberdiek/kvsetkeys.sty
Package: kvsetkeys 2016/05/16 v1.17 Key value parser (HO)

(/usr/local/texlive/2018/texmf-dist/tex/generic/oberdiek/etexcmds.sty
Package: etexcmds 2016/05/16 v1.6 Avoid name clashes with e-TeX commands (HO)

(/usr/local/texlive/2018/texmf-dist/tex/generic/oberdiek/ifluatex.sty
Package: ifluatex 2016/05/16 v1.4 Provides the ifluatex switch (HO)
Package ifluatex Info: LuaTeX not detected.
)
Package etexcmds Info: Could not find \expanded.
(etexcmds)             That can mean that you are not using pdfTeX 1.50 or
(etexcmds)             that some package has redefined \expanded.
(etexcmds)             In the latter case, load this package earlier.
)))
(/usr/local/texlive/2018/texmf-dist/tex/generic/oberdiek/pdftexcmds.sty
Package: pdftexcmds 2018/01/30 v0.27 Utility functions of pdfTeX for LuaTeX (HO
)

(/usr/local/texlive/2018/texmf-dist/tex/generic/oberdiek/ifpdf.sty
Package: ifpdf 2017/03/15 v3.2 Provides the ifpdf switch
)
Package pdftexcmds Info: LuaTeX not detected.
Package pdftexcmds Info: \pdf@primitive is available.
Package pdftexcmds Info: \pdf@ifprimitive is available.
Package pdftexcmds Info: \pdfdraftmode found.
)
Package epstopdf-base Info: Redefining graphics rule for `.eps' on input line 4
38.
Package grfext Info: Graphics extension search list:
(grfext)             [.pdf,.png,.jpg,.mps,.jpeg,.jbig2,.jb2,.PDF,.PNG,.JPG,.JPE
G,.JBIG2,.JB2,.eps]
(grfext)             \AppendGraphicsExtensions on input line 456.

(/usr/local/texlive/2018/texmf-dist/tex/latex/latexconfig/epstopdf-sys.cfg
File: epstopdf-sys.cfg 2010/07/13 v1.3 Configuration of (r)epstopdf for TeX Liv
e
))
LaTeX Font Info:    External font `cmex10' loaded for size
(Font)              <7> on input line 12.
LaTeX Font Info:    External font `cmex10' loaded for size
(Font)              <5> on input line 12.
LaTeX Font Info:    Try loading font information for OMS+cmtt on input line 12.


(/Library/Frameworks/R.framework/Resources/share/texmf/tex/latex/omscmtt.fd
File: omscmtt.fd 
)
LaTeX Font Info:    Font shape `OMS/cmtt/m/n' in size <9> not available
(Font)              Font shape `OMS/cmsy/m/n' tried instead on input line 12.

[1

{/usr/local/texlive/2018/texmf-var/fonts/map/pdftex/updmap/pdftex.map}]
Underfull \vbox (badness 5105) has occurred while \output is active []

 [2]
<images/decisionboundary.png, id=15, 495.7722pt x 195.129pt>
File: images/decisionboundary.png Graphic file (type png)
<use images/decisionboundary.png>
Package pdftex.def Info: images/decisionboundary.png  used on input line 35.
(pdftex.def)             Requested size: 277.69987pt x 109.30125pt.

[3 <./images/decisionboundary.png>]
<images/decisionboundary2.png, id=21, 487.5816pt x 182.6022pt>
File: images/decisionboundary2.png Graphic file (type png)
<use images/decisionboundary2.png>
Package pdftex.def Info: images/decisionboundary2.png  used on input line 46.
(pdftex.def)             Requested size: 277.69987pt x 104.00352pt.

Overfull \hbox (2.87717pt too wide) in paragraph at lines 51--52
[]\OT1/cmr/m/n/10 One ap-proach to in-fer-ring un-der-ly-ing com-plex-i-ties of
 high-dimensional dataset
 []

[4 <./images/decisionboundary2.png>]
Underfull \vbox (badness 5105) has occurred while \output is active []

 [5]
<images/decisiontree.png, id=29, 311.1625pt x 367.3725pt>
File: images/decisiontree.png Graphic file (type png)
<use images/decisiontree.png>
Package pdftex.def Info: images/decisiontree.png  used on input line 73.
(pdftex.def)             Requested size: 173.56177pt x 204.91437pt.

[6] [7 <./images/decisiontree.png>]
<images/randomforest.png, id=42, 752.8125pt x 416.55624pt>
File: images/randomforest.png Graphic file (type png)
<use images/randomforest.png>
Package pdftex.def Info: images/randomforest.png  used on input line 91.
(pdftex.def)             Requested size: 312.40906pt x 172.86761pt.
 [8 <./images/randomforest.png>]
<images/sigmoid.png, id=48, 294.8616pt x 187.902pt>
File: images/sigmoid.png Graphic file (type png)
<use images/sigmoid.png>
Package pdftex.def Info: images/sigmoid.png  used on input line 113.
(pdftex.def)             Requested size: 294.86087pt x 187.90154pt.
 [9 <./images/sigmoid.png>]
<images/full-tool.png, id=56, 891.33pt x 865.2325pt>
File: images/full-tool.png Graphic file (type png)
<use images/full-tool.png>
Package pdftex.def Info: images/full-tool.png  used on input line 139.
(pdftex.def)             Requested size: 347.12354pt x 336.96404pt.
<images/dataset.png, id=57, 342.078pt x 311.2428pt>
File: images/dataset.png Graphic file (type png)
<use images/dataset.png>
Package pdftex.def Info: images/dataset.png  used on input line 148.
(pdftex.def)             Requested size: 256.55786pt x 233.43152pt.
 [10] [11 <./images/full-tool.png>]
<images/results_long_3.png, id=66, 634.0488pt x 499.1448pt>
File: images/results_long_3.png Graphic file (type png)
<use images/results_long_3.png>
Package pdftex.def Info: images/results_long_3.png  used on input line 158.
(pdftex.def)             Requested size: 317.02362pt x 249.5718pt.


LaTeX Warning: No positions in optional float specifier.
               Default added (so using `htbp') on input line 167.

LaTeX Font Info:    External font `cmex10' loaded for size
(Font)              <9> on input line 171.
LaTeX Font Info:    External font `cmex10' loaded for size
(Font)              <6> on input line 171.
[12 <./images/dataset.png>] [13 <./images/results_long_3.png>]
<images/roc.png, id=76, 371.9496pt x 305.943pt>
File: images/roc.png Graphic file (type png)
<use images/roc.png>
Package pdftex.def Info: images/roc.png  used on input line 192.
(pdftex.def)             Requested size: 223.17148pt x 183.5672pt.

Underfull \vbox (badness 5105) has occurred while \output is active []

 [14]
[15 <./images/roc.png>]
<images/case1.png, id=84, 614.7768pt x 411.4572pt>
File: images/case1.png Graphic file (type png)
<use images/case1.png>
Package pdftex.def Info: images/case1.png  used on input line 209.
(pdftex.def)             Requested size: 338.12828pt x 226.30214pt.
<images/case1_b.png, id=85, 614.7768pt x 411.4572pt>
File: images/case1_b.png Graphic file (type png)
<use images/case1_b.png>
Package pdftex.def Info: images/case1_b.png  used on input line 220.
(pdftex.def)             Requested size: 338.12828pt x 226.30214pt.

Underfull \vbox (badness 3623) has occurred while \output is active []

 [16 <./images/case1.png>]
<images/case2.png, id=90, 614.7768pt x 411.4572pt>
File: images/case2.png Graphic file (type png)
<use images/case2.png>
Package pdftex.def Info: images/case2.png  used on input line 230.
(pdftex.def)             Requested size: 338.12828pt x 226.30214pt.
 [17 <./images/case1_b.png>]
<images/case2_b.png, id=95, 614.7768pt x 411.4572pt>
File: images/case2_b.png Graphic file (type png)
<use images/case2_b.png>
Package pdftex.def Info: images/case2_b.png  used on input line 239.
(pdftex.def)             Requested size: 338.12828pt x 226.30214pt.
<images/case3.png, id=96, 614.7768pt x 391.7034pt>
File: images/case3.png Graphic file (type png)
<use images/case3.png>
Package pdftex.def Info: images/case3.png  used on input line 249.
(pdftex.def)             Requested size: 338.12828pt x 215.43753pt.
 [18 <./images/case2.png>] [19 <./images/case2_b.png> <./images/case3.png>]
<images/case4_acc.png, id=105, 623.4492pt x 334.3692pt>
File: images/case4_acc.png Graphic file (type png)
<use images/case4_acc.png>
Package pdftex.def Info: images/case4_acc.png  used on input line 262.
(pdftex.def)             Requested size: 342.89812pt x 183.90363pt.
<images/case4_tpr.png, id=106, 623.931pt x 333.8874pt>
File: images/case4_tpr.png Graphic file (type png)
<use images/case4_tpr.png>
Package pdftex.def Info: images/case4_tpr.png  used on input line 269.
(pdftex.def)             Requested size: 343.1631pt x 183.63863pt.
 [20 <./images/case4_acc.png>] [21 <./images/case4_tpr.png>] [22] [23] [24] (./
Report.aux) ) 
Here is how much of TeX's memory you used:
 1969 strings out of 492649
 27879 string characters out of 6129622
 100167 words of memory out of 5000000
 5833 multiletter control sequences out of 15000+600000
 7456 words of font info for 27 fonts, out of 8000000 for 9000
 1141 hyphenation exceptions out of 8191
 41i,7n,25p,1688b,230s stack positions out of 5000i,500n,10000p,200000b,80000s
</usr/local/texlive/2018/texmf-dist/fonts/type1/public/amsfonts/cm
/cmbx10.pfb></usr/local/texlive/2018/texmf-dist/fonts/type1/public/amsfonts/cm/
cmbx12.pfb></usr/local/texlive/2018/texmf-dist/fonts/type1/public/amsfonts/cm/c
mbx9.pfb></usr/local/texlive/2018/texmf-dist/fonts/type1/public/amsfonts/cm/cme
x10.pfb></usr/local/texlive/2018/texmf-dist/fonts/type1/public/amsfonts/cm/cmmi
10.pfb></usr/local/texlive/2018/texmf-dist/fonts/type1/public/amsfonts/cm/cmmi5
.pfb></usr/local/texlive/2018/texmf-dist/fonts/type1/public/amsfonts/cm/cmmi7.p
fb></usr/local/texlive/2018/texmf-dist/fonts/type1/public/amsfonts/cm/cmr10.pfb
></usr/local/texlive/2018/texmf-dist/fonts/type1/public/amsfonts/cm/cmr5.pfb></
usr/local/texlive/2018/texmf-dist/fonts/type1/public/amsfonts/cm/cmr7.pfb></usr
/local/texlive/2018/texmf-dist/fonts/type1/public/amsfonts/cm/cmr9.pfb></usr/lo
cal/texlive/2018/texmf-dist/fonts/type1/public/amsfonts/cm/cmsy10.pfb></usr/loc
al/texlive/2018/texmf-dist/fonts/type1/public/amsfonts/cm/cmsy7.pfb></usr/local
/texlive/2018/texmf-dist/fonts/type1/public/amsfonts/cm/cmsy9.pfb></usr/local/t
exlive/2018/texmf-dist/fonts/type1/public/amsfonts/cm/cmtt9.pfb>
Output written on Report.pdf (24 pages, 2567475 bytes).
PDF statistics:
 172 PDF objects out of 1000 (max. 8388607)
 100 compressed objects within 1 object stream
 0 named destinations out of 1000 (max. 500000)
 81 words of extra memory for PDF output out of 10000 (max. 10000000)

